Informe o JWT: 
-rw-rw-r-- 1 sujeitoculto sujeitoculto 1,4M fev 19 22:36 ./demo/repeat-run3/ntn-week7-demo.mp4
f75f5cd30a0013f22cb6ef04dc6a2b5a9aae513120982f2d9c8cbfc2ede99b80  ./demo/repeat-run3/ntn-week7-demo.mp4
MP4_PATH=./demo/repeat-run3/ntn-week7-demo.mp4
SIZE_BYTES=1397929
LOCAL_SHA256=f75f5cd30a0013f22cb6ef04dc6a2b5a9aae513120982f2d9c8cbfc2ede99b80
---- CreateAsset (headers) ----
HTTP/1.1 201 Created
---- CreateAsset (body) ----
{"assetId":"c10b7a5f-64ef-4aa1-9a0a-df9ff9c0e8ac","status":"PENDING"}ASSET_ID=c10b7a5f-64ef-4aa1-9a0a-df9ff9c0e8ac
---- InitUpload (headers) ----
HTTP/1.1 201 Created
---- InitUpload (body) ----
{"assetId":"c10b7a5f-64ef-4aa1-9a0a-df9ff9c0e8ac","bucket":"nerdtwin-vault-dev-storage","expiresAt":"2026-02-20T02:36:45.530Z","key":"dev/tenant/aaaaaaaa-aaaa-aaaa-aaaa-aaaaaaaaaaaa/assets/c10b7a5f-64ef-4aa1-9a0a-df9ff9c0e8ac/original","partCount":1,"partSizeBytes":8388608,"uploadId":"xe9oTqEk_VdQl0eiTHK_.TRjzfu9w1e8Ax7nKE08WcNuum0K8jf4nTqukBAMUZsoXSup7uyYRBtZeJJE9SOv7QsJDb3zMYp4Vvgbsl03DIqgZ8WS2peIVn9oCeLx1HXJ"}UPLOAD_ID=xe9oTqEk_VdQl0eiTHK_.TRjzfu9w1e8Ax7nKE08WcNuum0K8jf4nTqukBAMUZsoXSup7uyYRBtZeJJE9SOv7QsJDb3zMYp4Vvgbsl03DIqgZ8WS2peIVn9oCeLx1HXJ
---- Presign (headers) ----
HTTP/1.1 201 Created
---- Presign (body redacted) ----
{
  "assetId": "c10b7a5f-64ef-4aa1-9a0a-df9ff9c0e8ac",
  "bucket": "nerdtwin-vault-dev-storage",
  "key": "dev/tenant/aaaaaaaa-aaaa-aaaa-aaaa-aaaaaaaaaaaa/assets/c10b7a5f-64ef-4aa1-9a0a-df9ff9c0e8ac/original",
  "partNumber": 1,
  "uploadId": "xe9oTqEk_VdQl0eiTHK_.TRjzfu9w1e8Ax7nKE08WcNuum0K8jf4nTqukBAMUZsoXSup7uyYRBtZeJJE9SOv7QsJDb3zMYp4Vvgbsl03DIqgZ8WS2peIVn9oCeLx1HXJ",
  "url": "<PRESIGNED_URL_REDACTED>"
}
---- PUT status ----
HTTP/1.1 200 OK
---- PUT ETag ----
ETag: "61ff4eb8a22037476ceb5182f164ddd6"
---- CompleteUpload (headers) ----
HTTP/1.1 201 Created
---- CompleteUpload (body) ----
{"assetId":"c10b7a5f-64ef-4aa1-9a0a-df9ff9c0e8ac","bucket":"nerdtwin-vault-dev-storage","etag":"\"a6ba92dd731b1872fd27fd5200f24368-1\"","key":"dev/tenant/aaaaaaaa-aaaa-aaaa-aaaa-aaaaaaaaaaaa/assets/c10b7a5f-64ef-4aa1-9a0a-df9ff9c0e8ac/original","uploadId":"xe9oTqEk_VdQl0eiTHK_.TRjzfu9w1e8Ax7nKE08WcNuum0K8jf4nTqukBAMUZsoXSup7uyYRBtZeJJE9SOv7QsJDb3zMYp4Vvgbsl03DIqgZ8WS2peIVn9oCeLx1HXJ","versionId":"SebzhqwXS9Pey222FexkBXd1UZWb4nmU"}---- Verify (headers) ----
HTTP/1.1 200 OK
---- Verify (body) ----
{"assetId":"c10b7a5f-64ef-4aa1-9a0a-df9ff9c0e8ac","computedSha256":"f75f5cd30a0013f22cb6ef04dc6a2b5a9aae513120982f2d9c8cbfc2ede99b80","verificationStatus":"VERIFIED"}---- StartView (headers) ----
HTTP/1.1 200 OK
---- StartView (body redacted) ----
{
  "assetId": "c10b7a5f-64ef-4aa1-9a0a-df9ff9c0e8ac",
  "expiresAt": "2026-02-20T01:41:51.769Z",
  "format": "MP4",
  "overlay": {
    "timestamp": "2026-02-20T01:36:51.769Z",
    "userId": "11111111-1111-1111-1111-111111111111"
  },
  "playbackUrl": "<PRESIGNED_URL_REDACTED>",
  "viewId": "d300d065-adea-45b6-8dff-e7cf97e9c39e"
}
DOWNLOADED_SHA256=f75f5cd30a0013f22cb6ef04dc6a2b5a9aae513120982f2d9c8cbfc2ede99b80
LOCAL_SHA256=f75f5cd30a0013f22cb6ef04dc6a2b5a9aae513120982f2d9c8cbfc2ede99b80
---- Selected download headers ----
HTTP/1.1 200 OK
Content-Type: video/mp4
Accept-Ranges: bytes
Content-Length: 1397929
